[debug] [2023-12-22T03:07:08.097Z] ----------------------------------------------------------------------
[debug] [2023-12-22T03:07:08.113Z] Command:       C:\Program Files\nodejs\node.exe C:\Users\hafiz\AppData\Roaming\npm\node_modules\firebase-tools\lib\bin\firebase.js init
[debug] [2023-12-22T03:07:08.113Z] CLI Version:   13.0.2
[debug] [2023-12-22T03:07:08.114Z] Platform:      win32
[debug] [2023-12-22T03:07:08.114Z] Node Version:  v20.10.0
[debug] [2023-12-22T03:07:08.115Z] Time:          Fri Dec 22 2023 08:37:08 GMT+0530 (India Standard Time)
[debug] [2023-12-22T03:07:08.115Z] ----------------------------------------------------------------------
[debug] 
[debug] [2023-12-22T03:07:08.131Z] > command requires scopes: ["email","openid","https://www.googleapis.com/auth/cloudplatformprojects.readonly","https://www.googleapis.com/auth/firebase","https://www.googleapis.com/auth/cloud-platform"]
[debug] [2023-12-22T03:07:08.132Z] > authorizing via signed-in user (hafizapk007@gmail.com)
[info] 
     ######## #### ########  ######## ########     ###     ######  ########
     ##        ##  ##     ## ##       ##     ##  ##   ##  ##       ##
     ######    ##  ########  ######   ########  #########  ######  ######
     ##        ##  ##    ##  ##       ##     ## ##     ##       ## ##
     ##       #### ##     ## ######## ########  ##     ##  ######  ########

You're about to initialize a Firebase project in this directory:

  E:\rend-screening\Rendzous-screening

[info] 
=== Project Setup
[info] 
[info] First, let's associate this project directory with a Firebase project.
[info] You can create multiple project aliases by running firebase use --add, 
[info] but for now we'll just set up a default project.
[info] 
[info] i  If you want to create a project in a Google Cloud organization or folder, please use "firebase projects:create" instead, and return to this command when you've created the project. 
[debug] [2023-12-22T03:08:07.745Z] ----------------------------------------------------------------------
[debug] [2023-12-22T03:08:07.751Z] Command:       C:\Program Files\nodejs\node.exe C:\Users\hafiz\AppData\Roaming\npm\node_modules\firebase-tools\lib\bin\firebase.js init
[debug] [2023-12-22T03:08:07.752Z] CLI Version:   13.0.2
[debug] [2023-12-22T03:08:07.752Z] Platform:      win32
[debug] [2023-12-22T03:08:07.753Z] Node Version:  v20.10.0
[debug] [2023-12-22T03:08:07.753Z] Time:          Fri Dec 22 2023 08:38:07 GMT+0530 (India Standard Time)
[debug] [2023-12-22T03:08:07.753Z] ----------------------------------------------------------------------
[debug] 
[debug] [2023-12-22T03:08:07.767Z] > command requires scopes: ["email","openid","https://www.googleapis.com/auth/cloudplatformprojects.readonly","https://www.googleapis.com/auth/firebase","https://www.googleapis.com/auth/cloud-platform"]
[debug] [2023-12-22T03:08:07.768Z] > authorizing via signed-in user (hafizapk007@gmail.com)
[info] 
     ######## #### ########  ######## ########     ###     ######  ########
     ##        ##  ##     ## ##       ##     ##  ##   ##  ##       ##
     ######    ##  ########  ######   ########  #########  ######  ######
     ##        ##  ##    ##  ##       ##     ## ##     ##       ## ##
     ##       #### ##     ## ######## ########  ##     ##  ######  ########

You're about to initialize a Firebase project in this directory:

  E:\rend-screening\Rendzous-screening

[info] 
=== Project Setup
[info] 
[info] First, let's associate this project directory with a Firebase project.
[info] You can create multiple project aliases by running firebase use --add, 
[info] but for now we'll just set up a default project.
[info] 
[debug] [2023-12-22T03:08:26.644Z] >>> [apiv2][query] GET https://firebase.googleapis.com/v1beta1/projects pageSize=100
[debug] [2023-12-22T03:08:27.644Z] <<< [apiv2][status] GET https://firebase.googleapis.com/v1beta1/projects 200
[debug] [2023-12-22T03:08:27.645Z] <<< [apiv2][body] GET https://firebase.googleapis.com/v1beta1/projects [omitted]
[info] i  Using project rend-result (rend-result) 
[info] 
=== Hosting Setup
[debug] [2023-12-22T03:08:31.548Z] >>> [apiv2][query] GET https://firebase.googleapis.com/v1beta1/projects/rend-result [none]
[debug] [2023-12-22T03:08:32.136Z] <<< [apiv2][status] GET https://firebase.googleapis.com/v1beta1/projects/rend-result 200
[debug] [2023-12-22T03:08:32.137Z] <<< [apiv2][body] GET https://firebase.googleapis.com/v1beta1/projects/rend-result {"projectId":"rend-result","projectNumber":"19076214790","displayName":"rend-result","name":"projects/rend-result","resources":{"hostingSite":"rend-result","realtimeDatabaseInstance":"rend-result-default-rtdb"},"state":"ACTIVE","etag":"1_a0c39318-7ff5-448a-98be-db8b6b31ee20"}
[info] 
[info] Your public directory is the folder (relative to your project directory) that
[info] will contain Hosting assets to be uploaded with firebase deploy. If you
[info] have a build process for your assets, use your build's output directory.
[info] 
[info] +  Wrote public/404.html 
[debug] [2023-12-22T03:09:03.754Z] >>> [apiv2][query] GET https://www.gstatic.com/firebasejs/releases.json [none]
[debug] [2023-12-22T03:09:04.183Z] <<< [apiv2][status] GET https://www.gstatic.com/firebasejs/releases.json 200
[debug] [2023-12-22T03:09:04.184Z] <<< [apiv2][body] GET https://www.gstatic.com/firebasejs/releases.json {"current":{"version":"10.7.1","browserURL":"https://www.gstatic.com/firebasejs/10.7.1/firebase.js","packageURL":"https://www.gstatic.com/firebasejs/10.7.1/firebase.tgz"},"live":{"version":"10.7","browserURL":"https://www.gstatic.com/firebasejs/live/10.7/firebase.js","packageURL":"https://www.gstatic.com/firebasejs/live/10.7/firebase.tgz"},"components":{"analytics":"https://www.gstatic.com/firebasejs/10.7.1/firebase-analytics.js","app":"https://www.gstatic.com/firebasejs/10.7.1/firebase-app.js","app-check":"https://www.gstatic.com/firebasejs/10.7.1/firebase-app-check.js","auth":"https://www.gstatic.com/firebasejs/10.7.1/firebase-auth.js","auth/cordova":"https://www.gstatic.com/firebasejs/10.7.1/firebase-auth/cordova.js","functions":"https://www.gstatic.com/firebasejs/10.7.1/firebase-functions.js","firestore":"https://www.gstatic.com/firebasejs/10.7.1/firebase-firestore.js","firestore/lite":"https://www.gstatic.com/firebasejs/10.7.1/firebase-firestore/lite.js","installations":"https://www.gstatic.com/firebasejs/10.7.1/firebase-installations.js","storage":"https://www.gstatic.com/firebasejs/10.7.1/firebase-storage.js","performance":"https://www.gstatic.com/firebasejs/10.7.1/firebase-performance.js","remote-config":"https://www.gstatic.com/firebasejs/10.7.1/firebase-remote-config.js","messaging":"https://www.gstatic.com/firebasejs/10.7.1/firebase-messaging.js","messaging/sw":"https://www.gstatic.com/firebasejs/10.7.1/firebase-messaging/sw.js","database":"https://www.gstatic.com/firebasejs/10.7.1/firebase-database.js","firestore.memory":"https://www.gstatic.com/firebasejs/10.7.1/firebase-firestore.memory.js"}}
[info] +  Wrote public/index.html 
[info] 
[info] i  Didn't detect a .git folder. Assuming E:\rend-screening\Rendzous-screening is the project root. 
[info] i  Authorizing with GitHub to upload your service account to a GitHub repository's secrets store. 
[info] 
[info] Visit this URL on this device to log in:
[info] https://github.com/login/oauth/authorize?client_id=89cf50f02ac6aaed3484&state=37395459&redirect_uri=http%3A%2F%2Flocalhost%3A9005&scope=read%3Auser%20repo%20public_repo
[info] 
[info] Waiting for authentication...
[debug] [2023-12-22T03:09:17.094Z] >>> [apiv2][query] POST https://github.com/login/oauth/access_token [none]
[debug] [2023-12-22T03:09:17.095Z] >>> [apiv2][body] POST https://github.com/login/oauth/access_token [stream]
[debug] [2023-12-22T03:09:17.613Z] <<< [apiv2][status] POST https://github.com/login/oauth/access_token 200
[debug] [2023-12-22T03:09:17.614Z] <<< [apiv2][body] POST https://github.com/login/oauth/access_token {"access_token":"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","token_type":"bearer","scope":"read:user,repo"}
[debug] [2023-12-22T03:09:17.637Z] >>> [apiv2][query] GET https://api.github.com/user [none]
[debug] [2023-12-22T03:09:18.214Z] <<< [apiv2][status] GET https://api.github.com/user 200
[debug] [2023-12-22T03:09:18.215Z] <<< [apiv2][body] GET https://api.github.com/user {"login":"AnasbinKabeer","id":139424063,"node_id":"U_kgDOCE9xPw","avatar_url":"https://avatars.githubusercontent.com/u/139424063?v=4","gravatar_id":"","url":"https://api.github.com/users/AnasbinKabeer","html_url":"https://github.com/AnasbinKabeer","followers_url":"https://api.github.com/users/AnasbinKabeer/followers","following_url":"https://api.github.com/users/AnasbinKabeer/following{/other_user}","gists_url":"https://api.github.com/users/AnasbinKabeer/gists{/gist_id}","starred_url":"https://api.github.com/users/AnasbinKabeer/starred{/owner}{/repo}","subscriptions_url":"https://api.github.com/users/AnasbinKabeer/subscriptions","organizations_url":"https://api.github.com/users/AnasbinKabeer/orgs","repos_url":"https://api.github.com/users/AnasbinKabeer/repos","events_url":"https://api.github.com/users/AnasbinKabeer/events{/privacy}","received_events_url":"https://api.github.com/users/AnasbinKabeer/received_events","type":"User","site_admin":false,"name":null,"company":null,"blog":"","location":null,"email":null,"hireable":null,"bio":null,"twitter_username":null,"public_repos":5,"public_gists":0,"followers":0,"following":0,"created_at":"2023-07-13T03:57:48Z","updated_at":"2023-12-22T03:09:16Z","private_gists":0,"total_private_repos":0,"owned_private_repos":0,"disk_usage":1995,"collaborators":0,"two_factor_authentication":false,"plan":{"name":"free","space":976562499,"collaborators":0,"private_repos":10000}}
[info] 
[info] +  Success! Logged into GitHub as AnasbinKabeer 
[info] 
